     1                                 %line 1+1 ast07.asm
     2                                 
     3                                 
     4                                 
     5                                 
     6                                 
     7                                 
     8                                 
     9                                 
    10                                 
    11                                 
    12                                 
    13                                 
    14                                 
    15                                 
    16                                 
    17                                 
    18                                 
    19                                 
    20                                 
    21                                 
    22                                 
    23                                 
    24                                 
    25                                 
    26                                 
    27                                 
    28                                 
    29                                 
    30                                 
    31                                 
    32                                 %line 95+1 ast07.asm
    33                                 
    34                                 
    35                                 
    36                                 
    37                                 
    38                                 
    39                                 
    40                                 
    41                                 
    42                                 
    43                                 
    44                                 
    45                                 
    46                                 
    47                                 %line 137+1 ast07.asm
    48                                 
    49                                 
    50                                 
    51                                 [section .data]
    52                                 
    53                                 
    54                                 
    55                                 
    56                                 TRUE equ 1
    57                                 FALSE equ 0
    58                                 
    59                                 EXIT_SUCCESS equ 0
    60                                 
    61                                 STDIN equ 0
    62                                 STDOUT equ 1
    63                                 STDERR equ 2
    64                                 
    65                                 SYS_read equ 0
    66                                 SYS_write equ 1
    67                                 SYS_open equ 2
    68                                 SYS_close equ 3
    69                                 SYS_fork equ 57
    70                                 SYS_exit equ 60
    71                                 SYS_creat equ 85
    72                                 SYS_time equ 201
    73                                 
    74                                 LF equ 10
    75                                 NULL equ 0
    76                                 ESC equ 27
    77                                 
    78                                 
    79                                 
    80                                 
    81                                 MAX_STR_SIZE equ 16
    82                                 
    83                                 
    84                                 
    85                                 
    86 00000000 0A00                   newLine db LF, NULL
    87                                 
    88 00000002 0A2A2A2A2A2A2A2A2A-    hdr db LF, "**********************************"
    89 00000002 2A2A2A2A2A2A2A2A2A-
    90 00000002 2A2A2A2A2A2A2A2A2A-
    91 00000002 2A2A2A2A2A2A2A2A   
    92 00000025 0A435320323138202D-     db LF, "CS 218 - Assignment #7", LF
    93 00000025 2041737369676E6D65-
    94 00000025 6E742023370A       
    95 0000003D 0A4C69737420537461-     db LF, "List Statistics:"
    96 0000003D 746973746963733A   
    97 0000004E 0A0A00                  db LF, LF, NULL
    98                                 
    99 00000051 4C697374204D696E69-    lstMin db "List Minimum: ", NULL
   100 00000051 6D756D3A2000       
   101 00000060 4C697374204D656469-    lstMed db "List Median:  ", NULL
   102 00000060 616E3A202000       
   103 0000006F 4C697374204D617869-    lstMax db "List Maximum: ", NULL
   104 0000006F 6D756D3A2000       
   105 0000007E 4C6973742053756D3A-    lstSum db "List Sum:     ", NULL
   106 0000007E 202020202000       
   107 0000008D 4C6973742041766572-    lstAve db "List Average: ", NULL
   108 0000008D 6167653A2000       
   109                                 
   110                                 
   111                                 
   112                                 
   113 0000009C 5904000030FBFFFF62-    lst dd 1113, -1232, 2146, 1376, 5120
   114 0000009C 080000600500000014-
   115 0000009C 0000               
   116 000000B0 340900005C0C0000D5-     dd 2356, 3164, 4565, 3155, 3157
   117 000000B0 110000530C0000550C-
   118 000000B0 0000               
   119 000000C4 671A0000B6180000AB-     dd 6759, 6326, 171, 147, -5628
   120 000000C4 0000009300000004EA-
   121 000000C4 FFFF               
   122 000000D8 671D0000911D000099-     dd 7527, 7569, 1177, 6785, 3514
   123 000000D8 040000811A0000BA0D-
   124 000000D8 0000               
   125 000000EC 17FCFFFF800000006D-     dd -1001, 128, 1133, 1105, -3327
   126 000000EC 0400005104000001F3-
   127 000000EC FFFF               
   128 00000100 650000007300000054-     dd 101, 115, 1108, 2233, -2115
   129 00000100 040000B9080000BDF7-
   130 00000100 FFFF               
   131 00000114 CB040000CA04000009-     dd 1227, 1226, 5129, 117, 107
   132 00000114 140000750000006B00-
   133 00000114 0000               
   134 00000128 690000006D000000C2-     dd 105, 109, 1730, -1150, 3414
   135 00000128 06000082FBFFFF560D-
   136 00000128 0000               
   137 0000013C 53040000D7170000DD-     dd 1107, 6103, 1245, 6440, 1465
   138 0000013C 04000028190000B905-
   139 0000013C 0000               
   140 00000150 07090000FE000000B0-     dd 2311, 254, 4528, 1913, 6722
   141 00000150 11000079070000421A-
   142 00000150 0000               
   143 00000164 83FBFFFF4E08000027-     dd -1149, 2126, 5671, 4647, 4628
   144 00000164 160000271200001412-
   145 00000164 0000               
   146 00000178 B9FEFFFFAAF6FFFF99-     dd -327, -2390, 1177, 8275, 5614
   147 00000178 04000053200000EE15-
   148 00000178 0000               
   149 0000018C 310C00009F01000099-     dd 3121, 415, -615, 122, 7217
   150 0000018C FDFFFF7A000000311C-
   151 0000018C 0000               
   152 000001A0 010000009A01000097-     dd 1, 410, -1129, -812, 2134
   153 000001A0 FBFFFFD4FCFFFF5608-
   154 000001A0 0000               
   155 000001B4 3BFBFFFF46F7FFFF07-     dd -1221, -2234, 6151, 432, 114
   156 000001B4 180000B00100007200-
   157 000001B4 0000               
   158 000001C8 5D060000720000000A-     dd 1629, 114, 522, 2413, 131
   159 000001C8 0200006D0900008300-
   160 000001C8 0000               
   161 000001DC 071600007E0000008A-     dd 5639, 126, 1162, 441, 127
   162 000001DC 040000B90100007F00-
   163 000001DC 0000               
   164 000001F0 93FCFFFFC70000002F-     dd -877, 199, 5679, -1101, 3414
   165 000001F0 160000B3FBFFFF560D-
   166 000001F0 0000               
   167 00000204 CBF7FFFF850000006D-     dd -2101, 133, 1133, 2450, 4532
   168 00000204 04000092090000B411-
   169 00000204 0000               
   170 00000218 AB2100007300000052-     dd 8619, 115, 1618, 1113, -115
   171 00000218 060000590400008DFF-
   172 00000218 FFFF               
   173 0000022C C30400002C0C00009C-     dd 1219, 3116, -612, 217, 127
   174 0000022C FDFFFFD90000007F00-
   175 0000022C 0000               
   176 00000240 831A0000D9110000A7-     dd 6787, 4569, 679, -5675, 4314
   177 00000240 020000D5E9FFFFDA10-
   178 00000240 0000               
   179 00000254 50040000A91A0000A0-     dd 1104, 6825, 1184, 2143, 1176
   180 00000254 0400005F0800009804-
   181 00000254 0000               
   182 00000268 86000000EEEDFFFF64-     dd 134, -4626, 100, 4566, 2346
   183 00000268 000000D61100002A09-
   184 00000268 0000               
   185 0000027C BE040000821A000051-     dd 1214, 6786, 1617, 183, -3512
   186 0000027C 060000B700000048F2-
   187 0000027C FFFF               
   188 00000290 C91E000080DFFFFF8B-     dd 7881, -8320, 3467, 4559, -1190
   189 00000290 0D0000CF1100005AFB-
   190 00000290 FFFF               
   191 000002A4 67000000700000007A-     dd 103, 112, 1146, 2186, 191
   192 000002A4 0400008A080000BF00-
   193 000002A4 0000               
   194 000002B8 BA0000008600000065-     dd 186, 134, 1125, -5675, 3476
   195 000002B8 040000D5E9FFFF940D-
   196 000002B8 0000               
   197 000002CC 590800004108000091-     dd 2137, 2113, -1647, 114, 115
   198 000002CC F9FFFF720000007300-
   199 000002CC 0000               
   200 000002E0 55E6FFFF38E2FFFF80-     dd -6571, -7624, 128, 113, 3112
   201 000002E0 00000071000000280C-
   202 000002E0 0000               
   203 000002F4 BC060000AC180000C1-     dd 1724, 6316, 1217, 2183, -4352
   204 000002F4 0400008708000000EF-
   205 000002F4 FFFF               
   206 00000308 7900000040010000BC-     dd 121, 320, 4540, 5679, -1190
   207 00000308 1100002F1600005AFB-
   208 00000308 FFFF               
   209 0000031C 5BDCFFFF7400000062-     dd -9125, 116, 1122, 117, 127
   210 0000031C 040000750000007F00-
   211 0000031C 0000               
   212 00000330 2D160000650000008F-     dd 5677, 101, 3727, -1125, 3184
   213 00000330 0E00009BFBFFFF700C-
   214 00000330 0000               
   215 00000344 69070000E6180000A6-     dd 1897, 6374, 1190, 0, 1224
   216 00000344 04000000000000C804-
   217 00000344 0000               
   218 00000358 7D00000074000000BE-     dd 125, 116, 8126, 6784, -2329
   219 00000358 1F0000801A0000E7F6-
   220 00000358 FFFF               
   221 0000036C 500400007C00000058-     dd 1104, 124, 1112, 143, 176
   222 0000036C 0400008F000000B000-
   223 0000036C 0000               
   224 00000380 6E1D00004E080000E0-     dd 7534, 2126, 6112, 156, 1103
   225 00000380 1700009C0000004F04-
   226 00000380 0000               
   227 00000394 81040000AC00000086-     dd 1153, 172, -1146, 2176, 170
   228 00000394 FBFFFF80080000AA00-
   229 00000394 0000               
   230 000003A8 9C000000A4000000A5-     dd 156, 164, 165, -155, 5156
   231 000003A8 00000065FFFFFF2414-
   232 000003A8 0000               
   233 000003BC 7E030000B5180000A0-     dd 894, 6325, 1184, 143, 276
   234 000003BC 0400008F0000001401-
   235 000003BC 0000               
   236 000003D0 02160000661D000055-     dd 5634, 7526, 3413, 7686, 7563
   237 000003D0 0D0000061E00008B1D-
   238 000003D0 0000               
   239 000003E4 FF01000011E7FFFF6D-     dd 511, -6383, 1133, 2150, -825
   240 000003E4 04000066080000C7FC-
   241 000003E4 FFFF               
   242 000003F8 59160000EF150000D8-     dd 5721, 5615, 4568, 7813, 1231
   243 000003F8 110000851E0000CF04-
   244 000003F8 0000               
   245 0000040C A90000009200000076-     dd 169, 146, -1162, 147, 157
   246 0000040C FBFFFF930000009D00-
   247 0000040C 0000               
   248 00000420 A7000000A9000000B1-     dd 167, 169, 177, 175, 2144
   249 00000420 000000AF0000006008-
   250 00000420 0000               
   251 00000434 97150000400500006A-     dd 5527, 1344, 1130, 2172, 224
   252 00000434 0400007C080000E000-
   253 00000434 0000               
   254 00000448 651D0000F01500001E-     dd 7525, 5616, 5662, 6328, 2342
   255 00000448 160000B81800002609-
   256 00000448 0000               
   257 0000045C B50000009B00000079-     dd 181, 155, 1145, 132, 167
   258 0000045C 04000084000000A700-
   259 0000045C 0000               
   260 00000470 B90000009600000095-     dd 185, 150, 149, 182, 1434
   261 00000470 000000B60000009A05-
   262 00000470 0000               
   263 00000484 B5190000290E0000AB-     dd 6581, 3625, 6315, 1, -617
   264 00000484 1800000100000097FD-
   265 00000484 FFFF               
   266 00000498 AF1E0000511A000081-     dd 7855, 6737, 129, 4512, 1134
   267 00000498 000000A01100006E04-
   268 00000498 0000               
   269 000004AC B1000000A400000088-     dd 177, 164, 1160, 1172, 184
   270 000004AC 04000094040000B800-
   271 000004AC 0000               
   272 000004C0 AF000000A60000006A-     dd 175, 166, 6762, 158, 4572
   273 000004C0 1A00009E000000DC11-
   274 000004C0 0000               
   275 000004D4 A1190000030500006D-     dd 6561, 1283, 1133, 1150, 135
   276 000004D4 0400007E0400008700-
   277 000004D4 0000               
   278 000004E8 FF15000007E0FFFFB2-     dd 5631, -8185, 178, -1197, 1185
   279 000004E8 00000053FBFFFFA104-
   280 000004E8 0000               
   281 000004FC 11160000DE1800008A-     dd 5649, 6366, 1162, 1167, 167
   282 000004FC 0400008F040000A700-
   283 000004FC 0000               
   284 00000510 67FBFFFFA900000099-     dd -1177, 169, 1177, 175, 1169
   285 00000510 040000AF0000009104-
   286 00000510 0000               
   287 00000524 34160000830800005D-     dd 5684, 2179, 1117, 3183, 190
   288 00000524 0400006F0C0000BE00-
   289 00000524 0000               
   290 00000538 4C040000FDEDFFFF63-     dd 1100, -4611, 1123, 3122, -131
   291 00000538 040000320C00007DFF-
   292 00000538 FFFF               
   293                                 
   294 0000054C 2C010000               len dd 300
   295                                 
   296 00000550 00000000               min dd 0
   297 00000554 00000000               med dd 0
   298 00000558 00000000               max dd 0
   299 0000055C 00000000               sum dd 0
   300 00000560 00000000               avg dd 0
   301                                 
   302                                 
   303                                 
   304                                 
   305                                 
   306 00000564 01                     swapped db TRUE
   307                                 
   308 00000565 03000000               weight dd 3
   309 00000569 02000000               dtwo dd 2
   310 0000056D 0000                   midIndex dw 0
   311                                 
   312                                 
   313                                 
   314                                 [section .bss]
   315 00000000 <gap>                  tempString resb MAX_STR_SIZE
   316                                 
   317                                 
   318                                 
   319                                 
   320                                 [section .text]
   321                                 [global _start]
   322                                 _start:
   323                                 
   324                                 
   325                                 
   326                                 
   327                                 
   328                                 
   329                                 
   330                                 
   331                                 
   332 00000000 448B0425[00000000]     mov r8d, dword[len]
   333 00000008 41FFC8                 dec r8d
   334                                 outerForLp:
   335                                 
   336 0000000B C60425[00000000]00     mov byte[swapped], FALSE
   337                                 
   338 00000013 41B900000000           mov r9d, 0
   339                                 inForLp:
   340                                 
   341 00000019 67428B348D[00000000]     mov esi, dword[lst+r9d*4]
   342 00000022 67428B3C8D[04000000]     mov edi, dword[lst+r9d*4+4]
   343 0000002B 39FE                   cmp esi, edi
   344 0000002D 7E18                   jle ifDone
   345                                 
   346 0000002F 6742893C8D[00000000]     mov dword[lst+r9d*4], edi
   347                                 
   348 00000038 674289348D[04000000]     mov dword[lst+r9d*4+4], esi
   349                                 
   350 00000041 C60425[00000000]01     mov byte[swapped], TRUE
   351                                 ifDone:
   352                                 
   353                                 
   354 00000049 41FFC1                 inc r9d
   355 0000004C 4539C1                 cmp r9d, r8d
   356 0000004F 75C6                   jne inForLp
   357                                 
   358                                 
   359 00000051 803C25[00000000]00     cmp byte[swapped], FALSE
   360 00000059 7407                   je sortDone
   361                                 
   362                                 
   363 0000005B 41FFC8                 dec r8d
   364 0000005E 4183F800               cmp r8d, 0
   365 00000062 75A5                   jne outerForLp
   366                                 
   367                                 
   368                                 sortDone:
   369                                 
   370                                 
   371                                 
   372                                 
   373                                 
   374 00000064 8B1C25[00000000]       mov ebx, dword[lst]
   375 0000006B 891C25[00000000]       mov dword[min], ebx
   376                                 
   377                                 
   378 00000072 49C7C100000000         mov r9, 0
   379 00000079 448B0C25[00000000]     mov r9d, dword[len]
   380 00000081 41FFC9                 dec r9d
   381 00000084 428B1C8D[00000000]     mov ebx, dword[lst+r9*4]
   382 0000008C 891C25[00000000]       mov dword[max], ebx
   383                                 
   384                                 
   385                                 
   386 00000093 48C7C000000000         mov rax, 0
   387 0000009A 8B0425[00000000]       mov eax, dword[len]
   388 000000A1 41B802000000           mov r8d, 2
   389 000000A7 6641F7F0               div r8w
   390 000000AB 66890425[00000000]     mov word[midIndex], ax
   391                                 
   392 000000B3 6683FA00               cmp dx, 0
   393 000000B7 740C                   je evenLen
   394                                 
   395                                 
   396 000000B9 8B3485[00000000]       mov esi, dword[lst+rax*4]
   397 000000C0 893425[00000000]       mov dword[med], esi
   398                                 
   399                                 
   400                                 evenLen:
   401 000000C7 8B3485[00000000]       mov esi, dword[lst+rax*4]
   402 000000CE 48FFC8                 dec rax
   403 000000D1 033485[00000000]       add esi, dword[lst+rax*4]
   404 000000D8 89F0                   mov eax, esi
   405 000000DA 41F7F0                 div r8d
   406 000000DD 890425[00000000]       mov dword[med], eax
   407                                 
   408                                 
   409                                 
   410                                 
   411                                 
   412                                 
   413 000000E4 8B3C25[00000000]       mov edi, dword[len]
   414 000000EB 49C7C000000000         mov r8, 0
   415                                 sumLp:
   416 000000F2 428B0C85[00000000]     mov ecx, dword[lst+r8*4]
   417 000000FA 010C25[00000000]       add dword[sum], ecx
   418                                 
   419 00000101 49FFC0                 inc r8
   420 00000104 FFCF                   dec edi
   421 00000106 83FF00                 cmp edi, 0
   422 00000109 75E5                   jne sumLp
   423                                 
   424                                 
   425 0000010B 8B0425[00000000]       mov eax, dword[sum]
   426 00000112 F73425[00000000]       div dword[len]
   427 00000119 890425[00000000]       mov dword[avg], eax
   428                                 
   429                                 
   430                                 
   431                                 
   432                                 
   433                                 
   434 00000120 50                      push rax
   435                                 %line 392+0 ast07.asm
   436 00000121 57                      push rdi
   437 00000122 56                      push rsi
   438 00000123 52                      push rdx
   439 00000124 51                      push rcx
   440                                 
   441 00000125 48C7C200000000          mov rdx, 0
   442 0000012C 48C7C7[00000000]        mov rdi, hdr
   443                                 ..@4.countLoop:
   444 00000133 803F00                  cmp byte [rdi], NULL
   445 00000136 7406                    je ..@4.countLoopDone
   446 00000138 48FFC7                  inc rdi
   447 0000013B 48FFC2                  inc rdx
   448 0000013E EBF1                    jmp ..@4.countLoop
   449                                 ..@4.countLoopDone:
   450                                 
   451 00000140 48C7C001000000          mov rax, SYS_write
   452 00000147 48C7C701000000          mov rdi, STDOUT
   453 0000014E 48C7C6[00000000]        mov rsi, hdr
   454 00000155 0F05                    syscall
   455                                 
   456 00000157 59                      pop rcx
   457 00000158 5A                      pop rdx
   458 00000159 5E                      pop rsi
   459 0000015A 5F                      pop rdi
   460 0000015B 58                      pop rax
   461                                 %line 393+1 ast07.asm
   462                                 
   463 0000015C 50                      push rax
   464                                 %line 394+0 ast07.asm
   465 0000015D 57                      push rdi
   466 0000015E 56                      push rsi
   467 0000015F 52                      push rdx
   468 00000160 51                      push rcx
   469                                 
   470 00000161 48C7C200000000          mov rdx, 0
   471 00000168 48C7C7[00000000]        mov rdi, lstMin
   472                                 ..@5.countLoop:
   473 0000016F 803F00                  cmp byte [rdi], NULL
   474 00000172 7406                    je ..@5.countLoopDone
   475 00000174 48FFC7                  inc rdi
   476 00000177 48FFC2                  inc rdx
   477 0000017A EBF1                    jmp ..@5.countLoop
   478                                 ..@5.countLoopDone:
   479                                 
   480 0000017C 48C7C001000000          mov rax, SYS_write
   481 00000183 48C7C701000000          mov rdi, STDOUT
   482 0000018A 48C7C6[00000000]        mov rsi, lstMin
   483 00000191 0F05                    syscall
   484                                 
   485 00000193 59                      pop rcx
   486 00000194 5A                      pop rdx
   487 00000195 5E                      pop rsi
   488 00000196 5F                      pop rdi
   489 00000197 58                      pop rax
   490                                 %line 395+1 ast07.asm
   491 00000198 50                      push rax
   492                                 %line 395+0 ast07.asm
   493 00000199 53                      push rbx
   494 0000019A 51                      push rcx
   495 0000019B 52                      push rdx
   496 0000019C 56                      push rsi
   497 0000019D 57                      push rdi
   498                                 
   499 0000019E 8B0425[00000000]        mov eax, dword [min]
   500                                 
   501 000001A5 83F800                  cmp eax, 0
   502 000001A8 7F02                    jg ..@6.isPos
   503 000001AA B32D                    mov bl, "-"
   504 000001AC F7D8                    neg eax
   505                                  ..@6.isPos:
   506                                 
   507                                 
   508 000001AE 48C7C100000000          mov rcx, 0
   509 000001B5 48C7C708000000          mov rdi, 8
   510                                 
   511                                  ..@6.octLp:
   512                                 
   513 000001BC 48C7C200000000          mov rdx, 0
   514 000001C3 F7F7                    div edi
   515                                 
   516 000001C5 52                      push rdx
   517 000001C6 48FFC1                  inc rcx
   518                                 
   519 000001C9 83F800                  cmp eax, 0
   520 000001CC 75EC                    jne ..@6.octLp
   521                                 
   522 000001CE 48C7C200000000          mov rdx, 0
   523                                 
   524 000001D5 80FB2D                  cmp bl, "-"
   525 000001D8 7509                    jne ..@6.strPos
   526 000001DA C60425[00000000]2D      mov byte[tempString], "-"
   527 000001E2 48FFC2                  inc rdx
   528                                  ..@6.strPos:
   529                                 
   530 000001E5 80FB2D                  cmp bl, "-"
   531 000001E8 7409                    je ..@6.octPopLp
   532 000001EA C60425[00000000]2B      mov byte[tempString], "+"
   533 000001F2 48FFC2                  inc rdx
   534                                 
   535                                  ..@6.octPopLp:
   536 000001F5 5E                      pop rsi
   537 000001F6 4883C630                add rsi, "0"
   538 000001FA 4088B2[00000000]        mov byte[tempString+rdx], sil
   539 00000201 48FFC2                  inc rdx
   540                                 
   541 00000204 48FFC9                  dec rcx
   542 00000207 4883F900                cmp rcx, 0
   543 0000020B 75E6                    jne ..@6.octPopLp
   544                                 
   545 0000020D 49FFC0                  inc r8
   546 00000210 C682[00000000]00        mov byte[tempString+rdx], NULL
   547                                 
   548 00000217 5F                      pop rdi
   549 00000218 5E                      pop rsi
   550 00000219 5A                      pop rdx
   551 0000021A 59                      pop rcx
   552 0000021B 5B                      pop rbx
   553 0000021C 58                      pop rax
   554                                 %line 396+1 ast07.asm
   555 0000021D 50                      push rax
   556                                 %line 396+0 ast07.asm
   557 0000021E 57                      push rdi
   558 0000021F 56                      push rsi
   559 00000220 52                      push rdx
   560 00000221 51                      push rcx
   561                                 
   562 00000222 48C7C200000000          mov rdx, 0
   563 00000229 48C7C7[00000000]        mov rdi, tempString
   564                                 ..@7.countLoop:
   565 00000230 803F00                  cmp byte [rdi], NULL
   566 00000233 7406                    je ..@7.countLoopDone
   567 00000235 48FFC7                  inc rdi
   568 00000238 48FFC2                  inc rdx
   569 0000023B EBF1                    jmp ..@7.countLoop
   570                                 ..@7.countLoopDone:
   571                                 
   572 0000023D 48C7C001000000          mov rax, SYS_write
   573 00000244 48C7C701000000          mov rdi, STDOUT
   574 0000024B 48C7C6[00000000]        mov rsi, tempString
   575 00000252 0F05                    syscall
   576                                 
   577 00000254 59                      pop rcx
   578 00000255 5A                      pop rdx
   579 00000256 5E                      pop rsi
   580 00000257 5F                      pop rdi
   581 00000258 58                      pop rax
   582                                 %line 397+1 ast07.asm
   583 00000259 50                      push rax
   584                                 %line 397+0 ast07.asm
   585 0000025A 57                      push rdi
   586 0000025B 56                      push rsi
   587 0000025C 52                      push rdx
   588 0000025D 51                      push rcx
   589                                 
   590 0000025E 48C7C200000000          mov rdx, 0
   591 00000265 48C7C7[00000000]        mov rdi, newLine
   592                                 ..@8.countLoop:
   593 0000026C 803F00                  cmp byte [rdi], NULL
   594 0000026F 7406                    je ..@8.countLoopDone
   595 00000271 48FFC7                  inc rdi
   596 00000274 48FFC2                  inc rdx
   597 00000277 EBF1                    jmp ..@8.countLoop
   598                                 ..@8.countLoopDone:
   599                                 
   600 00000279 48C7C001000000          mov rax, SYS_write
   601 00000280 48C7C701000000          mov rdi, STDOUT
   602 00000287 48C7C6[00000000]        mov rsi, newLine
   603 0000028E 0F05                    syscall
   604                                 
   605 00000290 59                      pop rcx
   606 00000291 5A                      pop rdx
   607 00000292 5E                      pop rsi
   608 00000293 5F                      pop rdi
   609 00000294 58                      pop rax
   610                                 %line 398+1 ast07.asm
   611                                 
   612 00000295 50                      push rax
   613                                 %line 399+0 ast07.asm
   614 00000296 57                      push rdi
   615 00000297 56                      push rsi
   616 00000298 52                      push rdx
   617 00000299 51                      push rcx
   618                                 
   619 0000029A 48C7C200000000          mov rdx, 0
   620 000002A1 48C7C7[00000000]        mov rdi, lstMed
   621                                 ..@9.countLoop:
   622 000002A8 803F00                  cmp byte [rdi], NULL
   623 000002AB 7406                    je ..@9.countLoopDone
   624 000002AD 48FFC7                  inc rdi
   625 000002B0 48FFC2                  inc rdx
   626 000002B3 EBF1                    jmp ..@9.countLoop
   627                                 ..@9.countLoopDone:
   628                                 
   629 000002B5 48C7C001000000          mov rax, SYS_write
   630 000002BC 48C7C701000000          mov rdi, STDOUT
   631 000002C3 48C7C6[00000000]        mov rsi, lstMed
   632 000002CA 0F05                    syscall
   633                                 
   634 000002CC 59                      pop rcx
   635 000002CD 5A                      pop rdx
   636 000002CE 5E                      pop rsi
   637 000002CF 5F                      pop rdi
   638 000002D0 58                      pop rax
   639                                 %line 400+1 ast07.asm
   640 000002D1 50                      push rax
   641                                 %line 400+0 ast07.asm
   642 000002D2 53                      push rbx
   643 000002D3 51                      push rcx
   644 000002D4 52                      push rdx
   645 000002D5 56                      push rsi
   646 000002D6 57                      push rdi
   647                                 
   648 000002D7 8B0425[00000000]        mov eax, dword [med]
   649                                 
   650 000002DE 83F800                  cmp eax, 0
   651 000002E1 7F02                    jg ..@10.isPos
   652 000002E3 B32D                    mov bl, "-"
   653 000002E5 F7D8                    neg eax
   654                                  ..@10.isPos:
   655                                 
   656                                 
   657 000002E7 48C7C100000000          mov rcx, 0
   658 000002EE 48C7C708000000          mov rdi, 8
   659                                 
   660                                  ..@10.octLp:
   661                                 
   662 000002F5 48C7C200000000          mov rdx, 0
   663 000002FC F7F7                    div edi
   664                                 
   665 000002FE 52                      push rdx
   666 000002FF 48FFC1                  inc rcx
   667                                 
   668 00000302 83F800                  cmp eax, 0
   669 00000305 75EC                    jne ..@10.octLp
   670                                 
   671 00000307 48C7C200000000          mov rdx, 0
   672                                 
   673 0000030E 80FB2D                  cmp bl, "-"
   674 00000311 7509                    jne ..@10.strPos
   675 00000313 C60425[00000000]2D      mov byte[tempString], "-"
   676 0000031B 48FFC2                  inc rdx
   677                                  ..@10.strPos:
   678                                 
   679 0000031E 80FB2D                  cmp bl, "-"
   680 00000321 7409                    je ..@10.octPopLp
   681 00000323 C60425[00000000]2B      mov byte[tempString], "+"
   682 0000032B 48FFC2                  inc rdx
   683                                 
   684                                  ..@10.octPopLp:
   685 0000032E 5E                      pop rsi
   686 0000032F 4883C630                add rsi, "0"
   687 00000333 4088B2[00000000]        mov byte[tempString+rdx], sil
   688 0000033A 48FFC2                  inc rdx
   689                                 
   690 0000033D 48FFC9                  dec rcx
   691 00000340 4883F900                cmp rcx, 0
   692 00000344 75E6                    jne ..@10.octPopLp
   693                                 
   694 00000346 49FFC0                  inc r8
   695 00000349 C682[00000000]00        mov byte[tempString+rdx], NULL
   696                                 
   697 00000350 5F                      pop rdi
   698 00000351 5E                      pop rsi
   699 00000352 5A                      pop rdx
   700 00000353 59                      pop rcx
   701 00000354 5B                      pop rbx
   702 00000355 58                      pop rax
   703                                 %line 401+1 ast07.asm
   704 00000356 50                      push rax
   705                                 %line 401+0 ast07.asm
   706 00000357 57                      push rdi
   707 00000358 56                      push rsi
   708 00000359 52                      push rdx
   709 0000035A 51                      push rcx
   710                                 
   711 0000035B 48C7C200000000          mov rdx, 0
   712 00000362 48C7C7[00000000]        mov rdi, tempString
   713                                 ..@11.countLoop:
   714 00000369 803F00                  cmp byte [rdi], NULL
   715 0000036C 7406                    je ..@11.countLoopDone
   716 0000036E 48FFC7                  inc rdi
   717 00000371 48FFC2                  inc rdx
   718 00000374 EBF1                    jmp ..@11.countLoop
   719                                 ..@11.countLoopDone:
   720                                 
   721 00000376 48C7C001000000          mov rax, SYS_write
   722 0000037D 48C7C701000000          mov rdi, STDOUT
   723 00000384 48C7C6[00000000]        mov rsi, tempString
   724 0000038B 0F05                    syscall
   725                                 
   726 0000038D 59                      pop rcx
   727 0000038E 5A                      pop rdx
   728 0000038F 5E                      pop rsi
   729 00000390 5F                      pop rdi
   730 00000391 58                      pop rax
   731                                 %line 402+1 ast07.asm
   732 00000392 50                      push rax
   733                                 %line 402+0 ast07.asm
   734 00000393 57                      push rdi
   735 00000394 56                      push rsi
   736 00000395 52                      push rdx
   737 00000396 51                      push rcx
   738                                 
   739 00000397 48C7C200000000          mov rdx, 0
   740 0000039E 48C7C7[00000000]        mov rdi, newLine
   741                                 ..@12.countLoop:
   742 000003A5 803F00                  cmp byte [rdi], NULL
   743 000003A8 7406                    je ..@12.countLoopDone
   744 000003AA 48FFC7                  inc rdi
   745 000003AD 48FFC2                  inc rdx
   746 000003B0 EBF1                    jmp ..@12.countLoop
   747                                 ..@12.countLoopDone:
   748                                 
   749 000003B2 48C7C001000000          mov rax, SYS_write
   750 000003B9 48C7C701000000          mov rdi, STDOUT
   751 000003C0 48C7C6[00000000]        mov rsi, newLine
   752 000003C7 0F05                    syscall
   753                                 
   754 000003C9 59                      pop rcx
   755 000003CA 5A                      pop rdx
   756 000003CB 5E                      pop rsi
   757 000003CC 5F                      pop rdi
   758 000003CD 58                      pop rax
   759                                 %line 403+1 ast07.asm
   760                                 
   761 000003CE 50                      push rax
   762                                 %line 404+0 ast07.asm
   763 000003CF 57                      push rdi
   764 000003D0 56                      push rsi
   765 000003D1 52                      push rdx
   766 000003D2 51                      push rcx
   767                                 
   768 000003D3 48C7C200000000          mov rdx, 0
   769 000003DA 48C7C7[00000000]        mov rdi, lstMax
   770                                 ..@13.countLoop:
   771 000003E1 803F00                  cmp byte [rdi], NULL
   772 000003E4 7406                    je ..@13.countLoopDone
   773 000003E6 48FFC7                  inc rdi
   774 000003E9 48FFC2                  inc rdx
   775 000003EC EBF1                    jmp ..@13.countLoop
   776                                 ..@13.countLoopDone:
   777                                 
   778 000003EE 48C7C001000000          mov rax, SYS_write
   779 000003F5 48C7C701000000          mov rdi, STDOUT
   780 000003FC 48C7C6[00000000]        mov rsi, lstMax
   781 00000403 0F05                    syscall
   782                                 
   783 00000405 59                      pop rcx
   784 00000406 5A                      pop rdx
   785 00000407 5E                      pop rsi
   786 00000408 5F                      pop rdi
   787 00000409 58                      pop rax
   788                                 %line 405+1 ast07.asm
   789 0000040A 50                      push rax
   790                                 %line 405+0 ast07.asm
   791 0000040B 53                      push rbx
   792 0000040C 51                      push rcx
   793 0000040D 52                      push rdx
   794 0000040E 56                      push rsi
   795 0000040F 57                      push rdi
   796                                 
   797 00000410 8B0425[00000000]        mov eax, dword [max]
   798                                 
   799 00000417 83F800                  cmp eax, 0
   800 0000041A 7F02                    jg ..@14.isPos
   801 0000041C B32D                    mov bl, "-"
   802 0000041E F7D8                    neg eax
   803                                  ..@14.isPos:
   804                                 
   805                                 
   806 00000420 48C7C100000000          mov rcx, 0
   807 00000427 48C7C708000000          mov rdi, 8
   808                                 
   809                                  ..@14.octLp:
   810                                 
   811 0000042E 48C7C200000000          mov rdx, 0
   812 00000435 F7F7                    div edi
   813                                 
   814 00000437 52                      push rdx
   815 00000438 48FFC1                  inc rcx
   816                                 
   817 0000043B 83F800                  cmp eax, 0
   818 0000043E 75EC                    jne ..@14.octLp
   819                                 
   820 00000440 48C7C200000000          mov rdx, 0
   821                                 
   822 00000447 80FB2D                  cmp bl, "-"
   823 0000044A 7509                    jne ..@14.strPos
   824 0000044C C60425[00000000]2D      mov byte[tempString], "-"
   825 00000454 48FFC2                  inc rdx
   826                                  ..@14.strPos:
   827                                 
   828 00000457 80FB2D                  cmp bl, "-"
   829 0000045A 7409                    je ..@14.octPopLp
   830 0000045C C60425[00000000]2B      mov byte[tempString], "+"
   831 00000464 48FFC2                  inc rdx
   832                                 
   833                                  ..@14.octPopLp:
   834 00000467 5E                      pop rsi
   835 00000468 4883C630                add rsi, "0"
   836 0000046C 4088B2[00000000]        mov byte[tempString+rdx], sil
   837 00000473 48FFC2                  inc rdx
   838                                 
   839 00000476 48FFC9                  dec rcx
   840 00000479 4883F900                cmp rcx, 0
   841 0000047D 75E6                    jne ..@14.octPopLp
   842                                 
   843 0000047F 49FFC0                  inc r8
   844 00000482 C682[00000000]00        mov byte[tempString+rdx], NULL
   845                                 
   846 00000489 5F                      pop rdi
   847 0000048A 5E                      pop rsi
   848 0000048B 5A                      pop rdx
   849 0000048C 59                      pop rcx
   850 0000048D 5B                      pop rbx
   851 0000048E 58                      pop rax
   852                                 %line 406+1 ast07.asm
   853 0000048F 50                      push rax
   854                                 %line 406+0 ast07.asm
   855 00000490 57                      push rdi
   856 00000491 56                      push rsi
   857 00000492 52                      push rdx
   858 00000493 51                      push rcx
   859                                 
   860 00000494 48C7C200000000          mov rdx, 0
   861 0000049B 48C7C7[00000000]        mov rdi, tempString
   862                                 ..@15.countLoop:
   863 000004A2 803F00                  cmp byte [rdi], NULL
   864 000004A5 7406                    je ..@15.countLoopDone
   865 000004A7 48FFC7                  inc rdi
   866 000004AA 48FFC2                  inc rdx
   867 000004AD EBF1                    jmp ..@15.countLoop
   868                                 ..@15.countLoopDone:
   869                                 
   870 000004AF 48C7C001000000          mov rax, SYS_write
   871 000004B6 48C7C701000000          mov rdi, STDOUT
   872 000004BD 48C7C6[00000000]        mov rsi, tempString
   873 000004C4 0F05                    syscall
   874                                 
   875 000004C6 59                      pop rcx
   876 000004C7 5A                      pop rdx
   877 000004C8 5E                      pop rsi
   878 000004C9 5F                      pop rdi
   879 000004CA 58                      pop rax
   880                                 %line 407+1 ast07.asm
   881 000004CB 50                      push rax
   882                                 %line 407+0 ast07.asm
   883 000004CC 57                      push rdi
   884 000004CD 56                      push rsi
   885 000004CE 52                      push rdx
   886 000004CF 51                      push rcx
   887                                 
   888 000004D0 48C7C200000000          mov rdx, 0
   889 000004D7 48C7C7[00000000]        mov rdi, newLine
   890                                 ..@16.countLoop:
   891 000004DE 803F00                  cmp byte [rdi], NULL
   892 000004E1 7406                    je ..@16.countLoopDone
   893 000004E3 48FFC7                  inc rdi
   894 000004E6 48FFC2                  inc rdx
   895 000004E9 EBF1                    jmp ..@16.countLoop
   896                                 ..@16.countLoopDone:
   897                                 
   898 000004EB 48C7C001000000          mov rax, SYS_write
   899 000004F2 48C7C701000000          mov rdi, STDOUT
   900 000004F9 48C7C6[00000000]        mov rsi, newLine
   901 00000500 0F05                    syscall
   902                                 
   903 00000502 59                      pop rcx
   904 00000503 5A                      pop rdx
   905 00000504 5E                      pop rsi
   906 00000505 5F                      pop rdi
   907 00000506 58                      pop rax
   908                                 %line 408+1 ast07.asm
   909                                 
   910 00000507 50                      push rax
   911                                 %line 409+0 ast07.asm
   912 00000508 57                      push rdi
   913 00000509 56                      push rsi
   914 0000050A 52                      push rdx
   915 0000050B 51                      push rcx
   916                                 
   917 0000050C 48C7C200000000          mov rdx, 0
   918 00000513 48C7C7[00000000]        mov rdi, lstSum
   919                                 ..@17.countLoop:
   920 0000051A 803F00                  cmp byte [rdi], NULL
   921 0000051D 7406                    je ..@17.countLoopDone
   922 0000051F 48FFC7                  inc rdi
   923 00000522 48FFC2                  inc rdx
   924 00000525 EBF1                    jmp ..@17.countLoop
   925                                 ..@17.countLoopDone:
   926                                 
   927 00000527 48C7C001000000          mov rax, SYS_write
   928 0000052E 48C7C701000000          mov rdi, STDOUT
   929 00000535 48C7C6[00000000]        mov rsi, lstSum
   930 0000053C 0F05                    syscall
   931                                 
   932 0000053E 59                      pop rcx
   933 0000053F 5A                      pop rdx
   934 00000540 5E                      pop rsi
   935 00000541 5F                      pop rdi
   936 00000542 58                      pop rax
   937                                 %line 410+1 ast07.asm
   938 00000543 50                      push rax
   939                                 %line 410+0 ast07.asm
   940 00000544 53                      push rbx
   941 00000545 51                      push rcx
   942 00000546 52                      push rdx
   943 00000547 56                      push rsi
   944 00000548 57                      push rdi
   945                                 
   946 00000549 8B0425[00000000]        mov eax, dword [sum]
   947                                 
   948 00000550 83F800                  cmp eax, 0
   949 00000553 7F02                    jg ..@18.isPos
   950 00000555 B32D                    mov bl, "-"
   951 00000557 F7D8                    neg eax
   952                                  ..@18.isPos:
   953                                 
   954                                 
   955 00000559 48C7C100000000          mov rcx, 0
   956 00000560 48C7C708000000          mov rdi, 8
   957                                 
   958                                  ..@18.octLp:
   959                                 
   960 00000567 48C7C200000000          mov rdx, 0
   961 0000056E F7F7                    div edi
   962                                 
   963 00000570 52                      push rdx
   964 00000571 48FFC1                  inc rcx
   965                                 
   966 00000574 83F800                  cmp eax, 0
   967 00000577 75EC                    jne ..@18.octLp
   968                                 
   969 00000579 48C7C200000000          mov rdx, 0
   970                                 
   971 00000580 80FB2D                  cmp bl, "-"
   972 00000583 7509                    jne ..@18.strPos
   973 00000585 C60425[00000000]2D      mov byte[tempString], "-"
   974 0000058D 48FFC2                  inc rdx
   975                                  ..@18.strPos:
   976                                 
   977 00000590 80FB2D                  cmp bl, "-"
   978 00000593 7409                    je ..@18.octPopLp
   979 00000595 C60425[00000000]2B      mov byte[tempString], "+"
   980 0000059D 48FFC2                  inc rdx
   981                                 
   982                                  ..@18.octPopLp:
   983 000005A0 5E                      pop rsi
   984 000005A1 4883C630                add rsi, "0"
   985 000005A5 4088B2[00000000]        mov byte[tempString+rdx], sil
   986 000005AC 48FFC2                  inc rdx
   987                                 
   988 000005AF 48FFC9                  dec rcx
   989 000005B2 4883F900                cmp rcx, 0
   990 000005B6 75E6                    jne ..@18.octPopLp
   991                                 
   992 000005B8 49FFC0                  inc r8
   993 000005BB C682[00000000]00        mov byte[tempString+rdx], NULL
   994                                 
   995 000005C2 5F                      pop rdi
   996 000005C3 5E                      pop rsi
   997 000005C4 5A                      pop rdx
   998 000005C5 59                      pop rcx
   999 000005C6 5B                      pop rbx
  1000 000005C7 58                      pop rax
  1001                                 %line 411+1 ast07.asm
  1002 000005C8 50                      push rax
  1003                                 %line 411+0 ast07.asm
  1004 000005C9 57                      push rdi
  1005 000005CA 56                      push rsi
  1006 000005CB 52                      push rdx
  1007 000005CC 51                      push rcx
  1008                                 
  1009 000005CD 48C7C200000000          mov rdx, 0
  1010 000005D4 48C7C7[00000000]        mov rdi, tempString
  1011                                 ..@19.countLoop:
  1012 000005DB 803F00                  cmp byte [rdi], NULL
  1013 000005DE 7406                    je ..@19.countLoopDone
  1014 000005E0 48FFC7                  inc rdi
  1015 000005E3 48FFC2                  inc rdx
  1016 000005E6 EBF1                    jmp ..@19.countLoop
  1017                                 ..@19.countLoopDone:
  1018                                 
  1019 000005E8 48C7C001000000          mov rax, SYS_write
  1020 000005EF 48C7C701000000          mov rdi, STDOUT
  1021 000005F6 48C7C6[00000000]        mov rsi, tempString
  1022 000005FD 0F05                    syscall
  1023                                 
  1024 000005FF 59                      pop rcx
  1025 00000600 5A                      pop rdx
  1026 00000601 5E                      pop rsi
  1027 00000602 5F                      pop rdi
  1028 00000603 58                      pop rax
  1029                                 %line 412+1 ast07.asm
  1030 00000604 50                      push rax
  1031                                 %line 412+0 ast07.asm
  1032 00000605 57                      push rdi
  1033 00000606 56                      push rsi
  1034 00000607 52                      push rdx
  1035 00000608 51                      push rcx
  1036                                 
  1037 00000609 48C7C200000000          mov rdx, 0
  1038 00000610 48C7C7[00000000]        mov rdi, newLine
  1039                                 ..@20.countLoop:
  1040 00000617 803F00                  cmp byte [rdi], NULL
  1041 0000061A 7406                    je ..@20.countLoopDone
  1042 0000061C 48FFC7                  inc rdi
  1043 0000061F 48FFC2                  inc rdx
  1044 00000622 EBF1                    jmp ..@20.countLoop
  1045                                 ..@20.countLoopDone:
  1046                                 
  1047 00000624 48C7C001000000          mov rax, SYS_write
  1048 0000062B 48C7C701000000          mov rdi, STDOUT
  1049 00000632 48C7C6[00000000]        mov rsi, newLine
  1050 00000639 0F05                    syscall
  1051                                 
  1052 0000063B 59                      pop rcx
  1053 0000063C 5A                      pop rdx
  1054 0000063D 5E                      pop rsi
  1055 0000063E 5F                      pop rdi
  1056 0000063F 58                      pop rax
  1057                                 %line 413+1 ast07.asm
  1058                                 
  1059 00000640 50                      push rax
  1060                                 %line 414+0 ast07.asm
  1061 00000641 57                      push rdi
  1062 00000642 56                      push rsi
  1063 00000643 52                      push rdx
  1064 00000644 51                      push rcx
  1065                                 
  1066 00000645 48C7C200000000          mov rdx, 0
  1067 0000064C 48C7C7[00000000]        mov rdi, lstAve
  1068                                 ..@21.countLoop:
  1069 00000653 803F00                  cmp byte [rdi], NULL
  1070 00000656 7406                    je ..@21.countLoopDone
  1071 00000658 48FFC7                  inc rdi
  1072 0000065B 48FFC2                  inc rdx
  1073 0000065E EBF1                    jmp ..@21.countLoop
  1074                                 ..@21.countLoopDone:
  1075                                 
  1076 00000660 48C7C001000000          mov rax, SYS_write
  1077 00000667 48C7C701000000          mov rdi, STDOUT
  1078 0000066E 48C7C6[00000000]        mov rsi, lstAve
  1079 00000675 0F05                    syscall
  1080                                 
  1081 00000677 59                      pop rcx
  1082 00000678 5A                      pop rdx
  1083 00000679 5E                      pop rsi
  1084 0000067A 5F                      pop rdi
  1085 0000067B 58                      pop rax
  1086                                 %line 415+1 ast07.asm
  1087 0000067C 50                      push rax
  1088                                 %line 415+0 ast07.asm
  1089 0000067D 53                      push rbx
  1090 0000067E 51                      push rcx
  1091 0000067F 52                      push rdx
  1092 00000680 56                      push rsi
  1093 00000681 57                      push rdi
  1094                                 
  1095 00000682 8B0425[00000000]        mov eax, dword [avg]
  1096                                 
  1097 00000689 83F800                  cmp eax, 0
  1098 0000068C 7F02                    jg ..@22.isPos
  1099 0000068E B32D                    mov bl, "-"
  1100 00000690 F7D8                    neg eax
  1101                                  ..@22.isPos:
  1102                                 
  1103                                 
  1104 00000692 48C7C100000000          mov rcx, 0
  1105 00000699 48C7C708000000          mov rdi, 8
  1106                                 
  1107                                  ..@22.octLp:
  1108                                 
  1109 000006A0 48C7C200000000          mov rdx, 0
  1110 000006A7 F7F7                    div edi
  1111                                 
  1112 000006A9 52                      push rdx
  1113 000006AA 48FFC1                  inc rcx
  1114                                 
  1115 000006AD 83F800                  cmp eax, 0
  1116 000006B0 75EC                    jne ..@22.octLp
  1117                                 
  1118 000006B2 48C7C200000000          mov rdx, 0
  1119                                 
  1120 000006B9 80FB2D                  cmp bl, "-"
  1121 000006BC 7509                    jne ..@22.strPos
  1122 000006BE C60425[00000000]2D      mov byte[tempString], "-"
  1123 000006C6 48FFC2                  inc rdx
  1124                                  ..@22.strPos:
  1125                                 
  1126 000006C9 80FB2D                  cmp bl, "-"
  1127 000006CC 7409                    je ..@22.octPopLp
  1128 000006CE C60425[00000000]2B      mov byte[tempString], "+"
  1129 000006D6 48FFC2                  inc rdx
  1130                                 
  1131                                  ..@22.octPopLp:
  1132 000006D9 5E                      pop rsi
  1133 000006DA 4883C630                add rsi, "0"
  1134 000006DE 4088B2[00000000]        mov byte[tempString+rdx], sil
  1135 000006E5 48FFC2                  inc rdx
  1136                                 
  1137 000006E8 48FFC9                  dec rcx
  1138 000006EB 4883F900                cmp rcx, 0
  1139 000006EF 75E6                    jne ..@22.octPopLp
  1140                                 
  1141 000006F1 49FFC0                  inc r8
  1142 000006F4 C682[00000000]00        mov byte[tempString+rdx], NULL
  1143                                 
  1144 000006FB 5F                      pop rdi
  1145 000006FC 5E                      pop rsi
  1146 000006FD 5A                      pop rdx
  1147 000006FE 59                      pop rcx
  1148 000006FF 5B                      pop rbx
  1149 00000700 58                      pop rax
  1150                                 %line 416+1 ast07.asm
  1151 00000701 50                      push rax
  1152                                 %line 416+0 ast07.asm
  1153 00000702 57                      push rdi
  1154 00000703 56                      push rsi
  1155 00000704 52                      push rdx
  1156 00000705 51                      push rcx
  1157                                 
  1158 00000706 48C7C200000000          mov rdx, 0
  1159 0000070D 48C7C7[00000000]        mov rdi, tempString
  1160                                 ..@23.countLoop:
  1161 00000714 803F00                  cmp byte [rdi], NULL
  1162 00000717 7406                    je ..@23.countLoopDone
  1163 00000719 48FFC7                  inc rdi
  1164 0000071C 48FFC2                  inc rdx
  1165 0000071F EBF1                    jmp ..@23.countLoop
  1166                                 ..@23.countLoopDone:
  1167                                 
  1168 00000721 48C7C001000000          mov rax, SYS_write
  1169 00000728 48C7C701000000          mov rdi, STDOUT
  1170 0000072F 48C7C6[00000000]        mov rsi, tempString
  1171 00000736 0F05                    syscall
  1172                                 
  1173 00000738 59                      pop rcx
  1174 00000739 5A                      pop rdx
  1175 0000073A 5E                      pop rsi
  1176 0000073B 5F                      pop rdi
  1177 0000073C 58                      pop rax
  1178                                 %line 417+1 ast07.asm
  1179 0000073D 50                      push rax
  1180                                 %line 417+0 ast07.asm
  1181 0000073E 57                      push rdi
  1182 0000073F 56                      push rsi
  1183 00000740 52                      push rdx
  1184 00000741 51                      push rcx
  1185                                 
  1186 00000742 48C7C200000000          mov rdx, 0
  1187 00000749 48C7C7[00000000]        mov rdi, newLine
  1188                                 ..@24.countLoop:
  1189 00000750 803F00                  cmp byte [rdi], NULL
  1190 00000753 7406                    je ..@24.countLoopDone
  1191 00000755 48FFC7                  inc rdi
  1192 00000758 48FFC2                  inc rdx
  1193 0000075B EBF1                    jmp ..@24.countLoop
  1194                                 ..@24.countLoopDone:
  1195                                 
  1196 0000075D 48C7C001000000          mov rax, SYS_write
  1197 00000764 48C7C701000000          mov rdi, STDOUT
  1198 0000076B 48C7C6[00000000]        mov rsi, newLine
  1199 00000772 0F05                    syscall
  1200                                 
  1201 00000774 59                      pop rcx
  1202 00000775 5A                      pop rdx
  1203 00000776 5E                      pop rsi
  1204 00000777 5F                      pop rdi
  1205 00000778 58                      pop rax
  1206                                 %line 418+1 ast07.asm
  1207                                 
  1208 00000779 50                      push rax
  1209                                 %line 419+0 ast07.asm
  1210 0000077A 57                      push rdi
  1211 0000077B 56                      push rsi
  1212 0000077C 52                      push rdx
  1213 0000077D 51                      push rcx
  1214                                 
  1215 0000077E 48C7C200000000          mov rdx, 0
  1216 00000785 48C7C7[00000000]        mov rdi, newLine
  1217                                 ..@25.countLoop:
  1218 0000078C 803F00                  cmp byte [rdi], NULL
  1219 0000078F 7406                    je ..@25.countLoopDone
  1220 00000791 48FFC7                  inc rdi
  1221 00000794 48FFC2                  inc rdx
  1222 00000797 EBF1                    jmp ..@25.countLoop
  1223                                 ..@25.countLoopDone:
  1224                                 
  1225 00000799 48C7C001000000          mov rax, SYS_write
  1226 000007A0 48C7C701000000          mov rdi, STDOUT
  1227 000007A7 48C7C6[00000000]        mov rsi, newLine
  1228 000007AE 0F05                    syscall
  1229                                 
  1230 000007B0 59                      pop rcx
  1231 000007B1 5A                      pop rdx
  1232 000007B2 5E                      pop rsi
  1233 000007B3 5F                      pop rdi
  1234 000007B4 58                      pop rax
  1235                                 %line 420+1 ast07.asm
  1236                                 
  1237                                 
  1238                                 
  1239                                 
  1240                                 last:
  1241 000007B5 48C7C03C000000          mov rax, SYS_exit
  1242 000007BC 48C7C700000000          mov rdi, EXIT_SUCCESS
  1243 000007C3 0F05                    syscall
  1244                                 
