     1                                 %line 1+1 ast03.asm
     2                                 
     3                                 
     4                                 
     5                                 
     6                                 
     7                                 
     8                                 
     9                                 
    10                                 
    11                                 
    12                                 
    13                                 
    14                                 
    15                                 
    16                                 
    17                                 
    18                                 
    19                                 [section .data]
    20                                 
    21                                 
    22                                 
    23                                 
    24                                 NULL equ 0
    25                                 
    26                                 TRUE equ 1
    27                                 FALSE equ 0
    28                                 
    29                                 EXIT_SUCCESS equ 0
    30                                 
    31                                 SYS_exit equ 60
    32                                 
    33                                 
    34                                 
    35                                 
    36                                 
    37 00000000 21                     bNum1 db 33
    38 00000001 13                     bNum2 db 19
    39 00000002 10                     bNum3 db 16
    40 00000003 0D                     bNum4 db 13
    41 00000004 D2                     bNum5 db -46
    42 00000005 BB                     bNum6 db -69
    43 00000006 00                     bAns1 db 0
    44 00000007 00                     bAns2 db 0
    45 00000008 00                     bAns3 db 0
    46 00000009 00                     bAns4 db 0
    47 0000000A 00                     bAns5 db 0
    48 0000000B 00                     bAns6 db 0
    49 0000000C 00                     bAns7 db 0
    50 0000000D 00                     bAns8 db 0
    51 0000000E 00                     bAns9 db 0
    52 0000000F 00                     bAns10 db 0
    53 00000010 0000                   wAns11 dw 0
    54 00000012 0000                   wAns12 dw 0
    55 00000014 0000                   wAns13 dw 0
    56 00000016 0000                   wAns14 dw 0
    57 00000018 0000                   wAns15 dw 0
    58 0000001A 00                     bAns16 db 0
    59 0000001B 00                     bAns17 db 0
    60 0000001C 00                     bAns18 db 0
    61 0000001D 00                     bRem18 db 0
    62 0000001E 00                     bAns19 db 0
    63 0000001F 00                     bAns20 db 0
    64 00000020 00                     bAns21 db 0
    65 00000021 00                     bRem21 db 0
    66                                 
    67                                 
    68 00000022 6401                   wNum1 dw 356
    69 00000024 A107                   wNum2 dw 1953
    70 00000026 B916                   wNum3 dw 5817
    71 00000028 0A09                   wNum4 dw 2314
    72 0000002A 0FFD                   wNum5 dw -753
    73 0000002C ECFE                   wNum6 dw -276
    74 0000002E 0000                   wAns1 dw 0
    75 00000030 0000                   wAns2 dw 0
    76 00000032 0000                   wAns3 dw 0
    77 00000034 0000                   wAns4 dw 0
    78 00000036 0000                   wAns5 dw 0
    79 00000038 0000                   wAns6 dw 0
    80 0000003A 0000                   wAns7 dw 0
    81 0000003C 0000                   wAns8 dw 0
    82 0000003E 0000                   wAns9 dw 0
    83 00000040 0000                   wAns10 dw 0
    84 00000042 00000000               dAns11 dd 0
    85 00000046 00000000               dAns12 dd 0
    86 0000004A 00000000               dAns13 dd 0
    87 0000004E 00000000               dAns14 dd 0
    88 00000052 00000000               dAns15 dd 0
    89 00000056 0000                   wAns16 dw 0
    90 00000058 0000                   wAns17 dw 0
    91 0000005A 0000                   wAns18 dw 0
    92 0000005C 0000                   wRem18 dw 0
    93 0000005E 0000                   wAns19 dw 0
    94 00000060 0000                   wAns20 dw 0
    95 00000062 0000                   wAns21 dw 0
    96 00000064 0000                   wRem21 dw 0
    97                                 
    98                                 
    99 00000066 AE34DB00               dNum1 dd 14365870
   100 0000006A C37E0000               dNum2 dd 32451
   101 0000006E AF520E00               dNum3 dd 938671
   102 00000072 69E40000               dNum4 dd 58473
   103 00000076 D2E0FFFF               dNum5 dd -7982
   104 0000007A 12EBFFFF               dNum6 dd -5358
   105 0000007E 00000000               dAns1 dd 0
   106 00000082 00000000               dAns2 dd 0
   107 00000086 00000000               dAns3 dd 0
   108 0000008A 00000000               dAns4 dd 0
   109 0000008E 00000000               dAns5 dd 0
   110 00000092 00000000               dAns6 dd 0
   111 00000096 00000000               dAns7 dd 0
   112 0000009A 00000000               dAns8 dd 0
   113 0000009E 00000000               dAns9 dd 0
   114 000000A2 00000000               dAns10 dd 0
   115 000000A6 0000000000000000       qAns11 dq 0
   116 000000AE 0000000000000000       qAns12 dq 0
   117 000000B6 0000000000000000       qAns13 dq 0
   118 000000BE 0000000000000000       qAns14 dq 0
   119 000000C6 0000000000000000       qAns15 dq 0
   120 000000CE 00000000               dAns16 dd 0
   121 000000D2 00000000               dAns17 dd 0
   122 000000D6 00000000               dAns18 dd 0
   123 000000DA 00000000               dRem18 dd 0
   124 000000DE 00000000               dAns19 dd 0
   125 000000E2 00000000               dAns20 dd 0
   126 000000E6 00000000               dAns21 dd 0
   127 000000EA 00000000               dRem21 dd 0
   128                                 
   129                                 
   130 000000EE 4F1F030000000000       qNum1 dq 204623
   131 000000F6 4B94F00100000000       qNum2 dq 32543819
   132 000000FE E3DA240000000000       qNum3 dq 2415331
   133 00000106 5F34050000000000       qNum4 dq 341087
   134 0000010E 3CF2F1FFFFFFFFFF       qNum5 dq -921028
   135 00000116 D1B3FBFFFFFFFFFF       qNum6 dq -281647
   136 0000011E 0000000000000000       qAns1 dq 0
   137 00000126 0000000000000000       qAns2 dq 0
   138 0000012E 0000000000000000       qAns3 dq 0
   139 00000136 0000000000000000       qAns4 dq 0
   140 0000013E 0000000000000000       qAns5 dq 0
   141 00000146 0000000000000000       qAns6 dq 0
   142 0000014E 0000000000000000       qAns7 dq 0
   143 00000156 0000000000000000       qAns8 dq 0
   144 0000015E 0000000000000000       qAns9 dq 0
   145 00000166 0000000000000000       qAns10 dq 0
   146 0000016E 000000000000000000-    dqAns11 ddq 0
   147 0000016E 00000000000000     
   148 0000017E 000000000000000000-    dqAns12 ddq 0
   149 0000017E 00000000000000     
   150 0000018E 000000000000000000-    dqAns13 ddq 0
   151 0000018E 00000000000000     
   152 0000019E 000000000000000000-    dqAns14 ddq 0
   153 0000019E 00000000000000     
   154 000001AE 000000000000000000-    dqAns15 ddq 0
   155 000001AE 00000000000000     
   156 000001BE 0000000000000000       qAns16 dq 0
   157 000001C6 0000000000000000       qAns17 dq 0
   158 000001CE 0000000000000000       qAns18 dq 0
   159 000001D6 0000000000000000       qRem18 dq 0
   160 000001DE 0000000000000000       qAns19 dq 0
   161 000001E6 0000000000000000       qAns20 dq 0
   162 000001EE 0000000000000000       qAns21 dq 0
   163 000001F6 0000000000000000       qRem21 dq 0
   164                                 
   165                                 
   166                                 
   167                                 [section .text]
   168                                 [global _start]
   169                                 _start:
   170                                 
   171                                 
   172                                 
   173                                 
   174                                 
   175                                 
   176                                 
   177                                 
   178 00000000 8A0425[00000000]        mov al, byte [bNum1]
   179 00000007 020425[00000000]        add al, byte [bNum2]
   180 0000000E 880425[00000000]        mov byte [bAns1], al
   181                                 
   182                                 
   183                                 
   184 00000015 8A0425[00000000]        mov al, byte [bNum3]
   185 0000001C 020425[00000000]        add al, byte [bNum4]
   186 00000023 880425[00000000]        mov byte [bAns2], al
   187                                 
   188                                 
   189                                 
   190 0000002A 8A0425[00000000]        mov al, byte[bNum3]
   191 00000031 020425[00000000]        add al, byte[bNum1]
   192 00000038 880425[00000000]        mov byte[bAns3], al
   193                                 
   194                                 
   195                                 
   196                                 
   197                                 
   198 0000003F 8A0425[00000000]        mov al, byte [bNum6]
   199 00000046 020425[00000000]        add al, byte [bNum3]
   200 0000004D 880425[00000000]        mov byte [bAns4], al
   201                                 
   202                                 
   203                                 
   204 00000054 8A0425[00000000]        mov al, byte[bNum6]
   205 0000005B 020425[00000000]        add al, byte[bNum5]
   206 00000062 880425[00000000]        mov byte[bAns5], al
   207                                 
   208                                 
   209                                 
   210                                 
   211                                 
   212 00000069 8A0425[00000000]        mov al, byte [bNum1]
   213 00000070 2A0425[00000000]        sub al, byte [bNum3]
   214 00000077 880425[00000000]        mov byte [bAns6], al
   215                                 
   216                                 
   217                                 
   218 0000007E 8A0425[00000000]        mov al, byte[bNum2]
   219 00000085 2A0425[00000000]        sub al, byte[bNum1]
   220 0000008C 880425[00000000]        mov byte[bAns7], al
   221                                 
   222                                 
   223                                 
   224 00000093 8A0425[00000000]        mov al, byte[bNum4]
   225 0000009A 2A0425[00000000]        sub al, byte[bNum3]
   226 000000A1 880425[00000000]        mov byte[bAns8], al
   227                                 
   228                                 
   229                                 
   230                                 
   231                                 
   232 000000A8 8A0425[00000000]        mov al, byte[bNum6]
   233 000000AF 2A0425[00000000]        sub al, byte[bNum4]
   234 000000B6 880425[00000000]        mov byte[bAns9], al
   235                                 
   236                                 
   237                                 
   238 000000BD 8A0425[00000000]        mov al, byte[bNum6]
   239 000000C4 2A0425[00000000]        sub al, byte[bNum5]
   240 000000CB 880425[00000000]        mov byte[bAns10], al
   241                                 
   242                                 
   243                                 
   244                                 
   245                                 
   246                                 
   247 000000D2 8A0425[00000000]        mov al, byte[bNum2]
   248 000000D9 F62425[00000000]        mul byte[bNum4]
   249 000000E0 66890425[00000000]      mov word[wAns11], ax
   250                                 
   251                                 
   252                                 
   253 000000E8 8A0425[00000000]        mov al, byte[bNum1]
   254 000000EF F62425[00000000]        mul byte[bNum4]
   255 000000F6 66890425[00000000]      mov word[wAns12], ax
   256                                 
   257                                 
   258                                 
   259 000000FE 8A0425[00000000]        mov al, byte[bNum3]
   260 00000105 F62425[00000000]        mul byte[bNum2]
   261 0000010C 66890425[00000000]      mov word[wAns13], ax
   262                                 
   263                                 
   264                                 
   265                                 
   266                                 
   267 00000114 8A0425[00000000]        mov al, byte[bNum3]
   268 0000011B F62C25[00000000]        imul byte[bNum5]
   269 00000122 66890425[00000000]      mov word[wAns14], ax
   270                                 
   271                                 
   272                                 
   273 0000012A 8A0425[00000000]        mov al, byte[bNum5]
   274 00000131 F62C25[00000000]        imul byte[bNum6]
   275 00000138 66890425[00000000]      mov word[wAns15], ax
   276                                 
   277                                 
   278                                 
   279                                 
   280                                 
   281 00000140 8A0425[00000000]        mov al, byte[bNum2]
   282 00000147 B400                    mov ah, 0
   283 00000149 F63425[00000000]        div byte[bNum4]
   284 00000150 882425[00000000]        mov byte[bAns16], ah
   285                                 
   286                                 
   287                                 
   288 00000157 8A0425[00000000]        mov al, byte[bNum1]
   289 0000015E B400                    mov ah, 0
   290 00000160 F63425[00000000]        div byte[bNum3]
   291 00000167 880425[00000000]        mov byte[bAns17], al
   292                                 
   293                                 
   294                                 
   295 0000016E 668B0425[00000000]      mov ax, word[wNum2]
   296 00000176 F63425[00000000]        div byte[bNum3]
   297 0000017D 880425[00000000]        mov byte[bAns18], al
   298                                 
   299                                 
   300                                 
   301 00000184 668B0425[00000000]      mov ax, word[wNum2]
   302 0000018C F63425[00000000]        div byte[bNum3]
   303 00000193 882425[00000000]        mov byte[bRem18], ah
   304                                 
   305                                 
   306                                 
   307                                 
   308                                 
   309 0000019A 8A0425[00000000]        mov al, byte[bNum6]
   310 000001A1 6698                    cbw
   311 000001A3 F63C25[00000000]        idiv byte[bNum3]
   312 000001AA 880425[00000000]        mov byte[bAns19], al
   313                                 
   314                                 
   315                                 
   316 000001B1 8A0425[00000000]        mov al, byte[bNum6]
   317 000001B8 6698                    cbw
   318 000001BA F63C25[00000000]        idiv byte[bNum5]
   319 000001C1 880425[00000000]        mov byte[bAns20], al
   320                                 
   321                                 
   322                                 
   323 000001C8 668B0425[00000000]      mov ax, word[wNum4]
   324 000001D0 F63C25[00000000]        idiv byte[bNum1]
   325 000001D7 880425[00000000]        mov byte[bAns21], al
   326                                 
   327                                 
   328                                 
   329 000001DE 668B0425[00000000]      mov ax, word[wNum4]
   330 000001E6 F63C25[00000000]        idiv byte[bNum1]
   331 000001ED 882425[00000000]        mov byte[bRem21], ah
   332                                 
   333                                 
   334                                 
   335                                 
   336                                 
   337                                 
   338                                 
   339                                 
   340                                 
   341                                 
   342                                 
   343                                 
   344                                 
   345                                 
   346                                 
   347                                 
   348                                 
   349                                 
   350                                 
   351                                 
   352                                 
   353                                 
   354                                 
   355                                 
   356                                 
   357                                 
   358                                 
   359                                 
   360                                 
   361                                 
   362                                 
   363                                 
   364                                 
   365                                 
   366                                 
   367                                 
   368                                 
   369                                 
   370                                 
   371                                 
   372 000001F4 668B0425[00000000]      mov ax, word[wNum3]
   373 000001FC 66F72425[00000000]      mul word[wNum2]
   374 00000204 66890425[00000000]      mov word[dAns11], ax
   375 0000020C 66891425[02000000]      mov word[dAns11+2], dx
   376                                 
   377                                 
   378                                 
   379 00000214 668B0425[00000000]      mov ax, word[wNum2]
   380 0000021C 66F72425[00000000]      mul word[wNum4]
   381 00000224 66890425[00000000]      mov word[dAns12], ax
   382 0000022C 66891425[02000000]      mov word[dAns12+2], dx
   383                                 
   384                                 
   385                                 
   386                                 
   387                                 
   388                                 
   389                                 
   390                                 
   391                                 
   392 00000234 668B0425[00000000]      mov ax, word[wNum6]
   393 0000023C 66F72C25[00000000]      imul word[wNum5]
   394 00000244 66890425[00000000]      mov word[dAns14], ax
   395 0000024C 66891425[02000000]      mov word[dAns14+2], dx
   396                                 
   397                                 
   398                                 
   399 00000254 668B0425[00000000]      mov ax, word[wNum4]
   400 0000025C 66F72C25[00000000]      imul word[wNum5]
   401 00000264 66890425[00000000]      mov word[dAns15], ax
   402 0000026C 66891425[02000000]      mov word[dAns15+2], dx
   403                                 
   404                                 
   405                                 
   406                                 
   407                                 
   408 00000274 668B0425[00000000]      mov ax, word[wNum2]
   409 0000027C 66BA0000                mov dx, 0
   410 00000280 66F73425[00000000]      div word[wNum1]
   411 00000288 66890425[00000000]      mov word[wAns16], ax
   412                                 
   413                                 
   414                                 
   415                                 
   416                                 
   417                                 
   418                                 
   419                                 
   420                                 
   421                                 
   422                                 
   423 00000290 668B0425[00000000]      mov ax, word[wNum5]
   424 00000298 6699                    cwd
   425 0000029A 66F73C25[00000000]      idiv word[wNum6]
   426 000002A2 66890425[00000000]      mov word[wAns19], ax
   427                                 
   428                                 
   429                                 
   430                                 
   431                                 
   432                                 
   433                                 
   434                                 
   435                                 
   436                                 
   437                                 
   438                                 
   439                                 
   440                                 
   441                                 
   442                                 
   443                                 
   444                                 
   445                                 
   446                                 
   447                                 
   448                                 
   449                                 
   450                                 
   451                                 
   452                                 
   453                                 
   454                                 
   455                                 
   456 000002AA 8B0425[00000000]        mov eax, dword[dNum3]
   457 000002B1 2B0425[00000000]        sub eax, dword[dNum2]
   458 000002B8 890425[00000000]        mov dword[dAns6], eax
   459                                 
   460                                 
   461                                 
   462                                 
   463                                 
   464                                 
   465                                 
   466                                 
   467                                 
   468                                 
   469                                 
   470                                 
   471                                 
   472                                 
   473                                 
   474                                 
   475                                 
   476 000002BF 8B0425[00000000]        mov eax, dword[dNum3]
   477 000002C6 F72425[00000000]        mul dword[dNum4]
   478 000002CD 890425[00000000]        mov dword[qAns11], eax
   479 000002D4 891425[04000000]        mov dword[qAns11+4], edx
   480                                 
   481                                 
   482                                 
   483 000002DB 8B0425[00000000]        mov eax, dword[dNum1]
   484 000002E2 F72425[00000000]        mul dword[dNum3]
   485 000002E9 890425[00000000]        mov dword[qAns12], eax
   486 000002F0 891425[04000000]        mov dword[qAns12+4], edx
   487                                 
   488                                 
   489                                 
   490                                 
   491                                 
   492                                 
   493                                 
   494                                 
   495                                 
   496 000002F7 8B0425[00000000]        mov eax, dword[dNum2]
   497 000002FE F72C25[00000000]        imul dword[dNum5]
   498 00000305 890425[00000000]        mov dword[qAns14], eax
   499 0000030C 891425[04000000]        mov dword[qAns14+4], edx
   500                                 
   501                                 
   502                                 
   503                                 
   504                                 
   505                                 
   506                                 
   507                                 
   508                                 
   509 00000313 8B0425[00000000]        mov eax, dword[dNum4]
   510 0000031A BA00000000              mov edx, 0
   511 0000031F F73425[00000000]        div dword[dNum2]
   512 00000326 890425[00000000]        mov dword[dAns16], eax
   513                                 
   514                                 
   515                                 
   516                                 
   517                                 
   518                                 
   519                                 
   520                                 
   521                                 
   522                                 
   523                                 
   524 0000032D 8B0425[00000000]        mov eax, dword[dNum2]
   525 00000334 99                      cdq
   526 00000335 F73C25[00000000]        idiv dword[dNum6]
   527 0000033C 890425[00000000]        mov dword[dAns19], eax
   528                                 
   529                                 
   530                                 
   531                                 
   532                                 
   533                                 
   534                                 
   535                                 
   536                                 
   537                                 
   538                                 
   539                                 
   540                                 
   541                                 
   542 00000343 488B0425[00000000]      mov rax, qword[qNum1]
   543 0000034B 48030425[00000000]      add rax, qword[qNum3]
   544 00000353 48890425[00000000]      mov qword[qAns1], rax
   545                                 
   546                                 
   547                                 
   548                                 
   549                                 
   550                                 
   551                                 
   552                                 
   553                                 
   554                                 
   555 0000035B 488B0425[00000000]      mov rax, qword[qNum2]
   556 00000363 48030425[00000000]      add rax, qword[qNum5]
   557 0000036B 48890425[00000000]      mov qword[qAns4], rax
   558                                 
   559                                 
   560                                 
   561                                 
   562                                 
   563                                 
   564                                 
   565                                 
   566                                 
   567                                 
   568                                 
   569                                 
   570                                 
   571                                 
   572                                 
   573                                 
   574                                 
   575                                 
   576                                 
   577                                 
   578                                 
   579                                 
   580                                 
   581                                 
   582 00000373 488B0425[00000000]      mov rax, qword[qNum4]
   583 0000037B 48F72425[00000000]      mul qword[qNum2]
   584 00000383 48890425[00000000]      mov qword[dqAns11], rax
   585 0000038B 48891425[08000000]      mov qword[dqAns11+8], rdx
   586                                 
   587                                 
   588                                 
   589                                 
   590                                 
   591                                 
   592                                 
   593                                 
   594                                 
   595                                 
   596 00000393 488B0425[00000000]      mov rax, qword[qNum2]
   597 0000039B 48F72C25[00000000]      imul qword[qNum5]
   598 000003A3 48890425[00000000]      mov qword[dqAns14], rax
   599 000003AB 48891425[08000000]      mov qword[dqAns14+8], rdx
   600                                 
   601                                 
   602                                 
   603                                 
   604                                 
   605                                 
   606                                 
   607                                 
   608                                 
   609 000003B3 488B0425[00000000]      mov rax, qword[qNum2]
   610 000003BB 48C7C200000000          mov rdx, 0
   611 000003C2 48F73425[00000000]      div qword[qNum3]
   612 000003CA 48890425[00000000]      mov qword[qAns16], rax
   613                                 
   614                                 
   615                                 
   616 000003D2 488B0425[00000000]      mov rax, qword[qNum3]
   617 000003DA 48C7C200000000          mov rdx, 0
   618 000003E1 48F73425[00000000]      div qword[qNum4]
   619 000003E9 48890425[00000000]      mov qword[qAns17], rax
   620                                 
   621                                 
   622                                 
   623                                 
   624                                 
   625                                 
   626                                 
   627                                 
   628                                 
   629                                 
   630 000003F1 488B0425[00000000]      mov rax, qword[qNum5]
   631 000003F9 4899                    cqo
   632 000003FB 48F73C25[00000000]      idiv qword[qNum6]
   633 00000403 48890425[00000000]      mov qword[qAns19], rax
   634                                 
   635                                 
   636                                 
   637                                 
   638                                 
   639                                 
   640                                 
   641                                 
   642                                 
   643                                 
   644                                 last:
   645 0000040B 48C7C03C000000          mov rax, SYS_exit
   646 00000412 48C7C700000000          mov rdi, EXIT_SUCCESS
   647 00000419 0F05                    syscall
   648                                 
